# JRE version: 7.0_07-b11
# Java VM: Java HotSpot(TM) 64-Bit Server VM (23.3-b01 mixed mode windows-amd64 compressed oops)
Heap
 PSYoungGen      total 10112K, used 2430K [0x00000000ebc00000, 0x00000000ec9a0000, 0x0000000100000000)
  eden space 9856K, 22% used [0x00000000ebc00000,0x00000000ebe242a0,0x00000000ec5a0000)
  from space 256K, 93% used [0x00000000ec5d0000,0x00000000ec60b890,0x00000000ec610000)
  to   space 2048K, 0% used [0x00000000ec7a0000,0x00000000ec7a0000,0x00000000ec9a0000)
 ParOldGen       total 41472K, used 5168K [0x00000000c3400000, 0x00000000c5c80000, 0x00000000ebc00000)
  object space 41472K, 12% used [0x00000000c3400000,0x00000000c390c310,0x00000000c5c80000)
 PSPermGen       total 21248K, used 6724K [0x00000000be200000, 0x00000000bf6c0000, 0x00000000c3400000)
  object space 21248K, 31% used [0x00000000be200000,0x00000000be8911e8,0x00000000bf6c0000)
GC Heap History (10 events):
Event: 24.992 GC heap before
{Heap before GC invocations=23 (full 0):
 PSYoungGen      total 13248K, used 10997K [0x00000000ebc00000, 0x00000000ecbf0000, 0x0000000100000000)
  eden space 10816K, 99% used [0x00000000ebc00000,0x00000000ec689e00,0x00000000ec690000)
  from space 2432K, 8% used [0x00000000ec990000,0x00000000ec9c3890,0x00000000ecbf0000)
  to   space 2752K, 0% used [0x00000000ec690000,0x00000000ec690000,0x00000000ec940000)
 ParOldGen       total 41472K, used 4840K [0x00000000c3400000, 0x00000000c5c80000, 0x00000000ebc00000)
  object space 41472K, 11% used [0x00000000c3400000,0x00000000c38ba310,0x00000000c5c80000)
 PSPermGen       total 21248K, used 6716K [0x00000000be200000, 0x00000000bf6c0000, 0x00000000c3400000)
  object space 21248K, 31% used [0x00000000be200000,0x00000000be88f258,0x00000000bf6c0000)
Event: 24.992 GC heap after
Heap after GC invocations=23 (full 0):
 PSYoungGen      total 10880K, used 238K [0x00000000ebc00000, 0x00000000ecb80000, 0x0000000100000000)
  eden space 10624K, 0% used [0x00000000ebc00000,0x00000000ebc00000,0x00000000ec660000)
  from space 256K, 93% used [0x00000000ec690000,0x00000000ec6cb890,0x00000000ec6d0000)
  to   space 2624K, 0% used [0x00000000ec8f0000,0x00000000ec8f0000,0x00000000ecb80000)
 ParOldGen       total 41472K, used 4904K [0x00000000c3400000, 0x00000000c5c80000, 0x00000000ebc00000)
  object space 41472K, 11% used [0x00000000c3400000,0x00000000c38ca310,0x00000000c5c80000)
 PSPermGen       total 21248K, used 6716K [0x00000000be200000, 0x00000000bf6c0000, 0x00000000c3400000)
  object space 21248K, 31% used [0x00000000be200000,0x00000000be88f258,0x00000000bf6c0000)
}
Event: 25.259 GC heap before
{Heap before GC invocations=24 (full 0):
 PSYoungGen      total 10880K, used 10833K [0x00000000ebc00000, 0x00000000ecb80000, 0x0000000100000000)
  eden space 10624K, 99% used [0x00000000ebc00000,0x00000000ec658d10,0x00000000ec660000)
  from space 256K, 93% used [0x00000000ec690000,0x00000000ec6cb890,0x00000000ec6d0000)
  to   space 2624K, 0% used [0x00000000ec8f0000,0x00000000ec8f0000,0x00000000ecb80000)
 ParOldGen       total 41472K, used 4904K [0x00000000c3400000, 0x00000000c5c80000, 0x00000000ebc00000)
  object space 41472K, 11% used [0x00000000c3400000,0x00000000c38ca310,0x00000000c5c80000)
 PSPermGen       total 21248K, used 6716K [0x00000000be200000, 0x00000000bf6c0000, 0x00000000c3400000)
  object space 21248K, 31% used [0x00000000be200000,0x00000000be88f258,0x00000000bf6c0000)
Event: 25.260 GC heap after
Heap after GC invocations=24 (full 0):
 PSYoungGen      total 12608K, used 206K [0x00000000ebc00000, 0x00000000ecb10000, 0x0000000100000000)
  eden space 10432K, 0% used [0x00000000ebc00000,0x00000000ebc00000,0x00000000ec630000)
  from space 2176K, 9% used [0x00000000ec8f0000,0x00000000ec923890,0x00000000ecb10000)
  to   space 2496K, 0% used [0x00000000ec630000,0x00000000ec630000,0x00000000ec8a0000)
 ParOldGen       total 41472K, used 4976K [0x00000000c3400000, 0x00000000c5c80000, 0x00000000ebc00000)
  object space 41472K, 12% used [0x00000000c3400000,0x00000000c38dc310,0x00000000c5c80000)
 PSPermGen       total 21248K, used 6716K [0x00000000be200000, 0x00000000bf6c0000, 0x00000000c3400000)
  object space 21248K, 31% used [0x00000000be200000,0x00000000be88f258,0x00000000bf6c0000)
}
Event: 25.542 GC heap before
{Heap before GC invocations=25 (full 0):
 PSYoungGen      total 12608K, used 10619K [0x00000000ebc00000, 0x00000000ecb10000, 0x0000000100000000)
  eden space 10432K, 99% used [0x00000000ebc00000,0x00000000ec62b558,0x00000000ec630000)
  from space 2176K, 9% used [0x00000000ec8f0000,0x00000000ec923890,0x00000000ecb10000)
  to   space 2496K, 0% used [0x00000000ec630000,0x00000000ec630000,0x00000000ec8a0000)
 ParOldGen       total 41472K, used 4976K [0x00000000c3400000, 0x00000000c5c80000, 0x00000000ebc00000)
  object space 41472K, 12% used [0x00000000c3400000,0x00000000c38dc310,0x00000000c5c80000)
 PSPermGen       total 21248K, used 6716K [0x00000000be200000, 0x00000000bf6c0000, 0x00000000c3400000)
  object space 21248K, 31% used [0x00000000be200000,0x00000000be88f258,0x00000000bf6c0000)
Event: 25.543 GC heap after
Heap after GC invocations=25 (full 0):
 PSYoungGen      total 10496K, used 238K [0x00000000ebc00000, 0x00000000eca80000, 0x0000000100000000)
  eden space 10240K, 0% used [0x00000000ebc00000,0x00000000ebc00000,0x00000000ec600000)
  from space 256K, 93% used [0x00000000ec630000,0x00000000ec66b890,0x00000000ec670000)
  to   space 2304K, 0% used [0x00000000ec840000,0x00000000ec840000,0x00000000eca80000)
 ParOldGen       total 41472K, used 5040K [0x00000000c3400000, 0x00000000c5c80000, 0x00000000ebc00000)
  object space 41472K, 12% used [0x00000000c3400000,0x00000000c38ec310,0x00000000c5c80000)
 PSPermGen       total 21248K, used 6716K [0x00000000be200000, 0x00000000bf6c0000, 0x00000000c3400000)
  object space 21248K, 31% used [0x00000000be200000,0x00000000be88f258,0x00000000bf6c0000)
}
Event: 25.808 GC heap before
{Heap before GC invocations=26 (full 0):
 PSYoungGen      total 10496K, used 10471K [0x00000000ebc00000, 0x00000000eca80000, 0x0000000100000000)
  eden space 10240K, 99% used [0x00000000ebc00000,0x00000000ec5fe720,0x00000000ec600000)
  from space 256K, 93% used [0x00000000ec630000,0x00000000ec66b890,0x00000000ec670000)
  to   space 2304K, 0% used [0x00000000ec840000,0x00000000ec840000,0x00000000eca80000)
 ParOldGen       total 41472K, used 5040K [0x00000000c3400000, 0x00000000c5c80000, 0x00000000ebc00000)
  object space 41472K, 12% used [0x00000000c3400000,0x00000000c38ec310,0x00000000c5c80000)
 PSPermGen       total 21248K, used 6723K [0x00000000be200000, 0x00000000bf6c0000, 0x00000000c3400000)
  object space 21248K, 31% used [0x00000000be200000,0x00000000be890ee0,0x00000000bf6c0000)
Event: 25.809 GC heap after
Heap after GC invocations=26 (full 0):
 PSYoungGen      total 11904K, used 206K [0x00000000ebc00000, 0x00000000eca10000, 0x0000000100000000)
  eden space 10048K, 0% used [0x00000000ebc00000,0x00000000ebc00000,0x00000000ec5d0000)
  from space 1856K, 11% used [0x00000000ec840000,0x00000000ec873890,0x00000000eca10000)
  to   space 2176K, 0% used [0x00000000ec5d0000,0x00000000ec5d0000,0x00000000ec7f0000)
 ParOldGen       total 41472K, used 5112K [0x00000000c3400000, 0x00000000c5c80000, 0x00000000ebc00000)
  object space 41472K, 12% used [0x00000000c3400000,0x00000000c38fe310,0x00000000c5c80000)
 PSPermGen       total 21248K, used 6723K [0x00000000be200000, 0x00000000bf6c0000, 0x00000000c3400000)
  object space 21248K, 31% used [0x00000000be200000,0x00000000be890ee0,0x00000000bf6c0000)
}
Event: 26.059 GC heap before
{Heap before GC invocations=27 (full 0):
 PSYoungGen      total 11904K, used 10254K [0x00000000ebc00000, 0x00000000eca10000, 0x0000000100000000)
  eden space 10048K, 100% used [0x00000000ebc00000,0x00000000ec5d0000,0x00000000ec5d0000)
  from space 1856K, 11% used [0x00000000ec840000,0x00000000ec873890,0x00000000eca10000)
  to   space 2176K, 0% used [0x00000000ec5d0000,0x00000000ec5d0000,0x00000000ec7f0000)
 ParOldGen       total 41472K, used 5112K [0x00000000c3400000, 0x00000000c5c80000, 0x00000000ebc00000)
  object space 41472K, 12% used [0x00000000c3400000,0x00000000c38fe310,0x00000000c5c80000)
 PSPermGen       total 21248K, used 6724K [0x00000000be200000, 0x00000000bf6c0000, 0x00000000c3400000)
  object space 21248K, 31% used [0x00000000be200000,0x00000000be8910e0,0x00000000bf6c0000)
Event: 26.059 GC heap after
Heap after GC invocations=27 (full 0):
 PSYoungGen      total 10112K, used 238K [0x00000000ebc00000, 0x00000000ec9a0000, 0x0000000100000000)
  eden space 9856K, 0% used [0x00000000ebc00000,0x00000000ebc00000,0x00000000ec5a0000)
  from space 256K, 93% used [0x00000000ec5d0000,0x00000000ec60b890,0x00000000ec610000)
  to   space 2048K, 0% used [0x00000000ec7a0000,0x00000000ec7a0000,0x00000000ec9a0000)
 ParOldGen       total 41472K, used 5168K [0x00000000c3400000, 0x00000000c5c80000, 0x00000000ebc00000)
  object space 41472K, 12% used [0x00000000c3400000,0x00000000c390c310,0x00000000c5c80000)
 PSPermGen       total 21248K, used 6724K [0x00000000be200000, 0x00000000bf6c0000, 0x00000000c3400000)
  object space 21248K, 31% used [0x00000000be200000,0x00000000be8910e0,0x00000000bf6c0000)
}

