# JRE version: 7.0_15-b03
# Java VM: Java HotSpot(TM) 64-Bit Server VM (23.7-b01 mixed mode windows-amd64 compressed oops)
Heap
 PSYoungGen      total 70912K, used 56482K [0x00000000ebb60000, 0x00000000f0140000, 0x0000000100000000)
  eden space 70400K, 79% used [0x00000000ebb60000,0x00000000ef2251c0,0x00000000f0020000)
  from space 512K, 77% used [0x00000000f00a0000,0x00000000f0103890,0x00000000f0120000)
  to   space 512K, 0% used [0x00000000f0020000,0x00000000f0020000,0x00000000f00a0000)
 ParOldGen       total 78912K, used 71909K [0x00000000c3200000, 0x00000000c7f10000, 0x00000000ebb60000)
  object space 78912K, 91% used [0x00000000c3200000,0x00000000c7839508,0x00000000c7f10000)
 PSPermGen       total 21248K, used 6753K [0x00000000be000000, 0x00000000bf4c0000, 0x00000000c3200000)
  object space 21248K, 31% used [0x00000000be000000,0x00000000be698508,0x00000000bf4c0000)
GC Heap History (10 events):
Event: 460.914 GC heap before
{Heap before GC invocations=1186 (full 4):
 PSYoungGen      total 42752K, used 42582K [0x00000000ebb60000, 0x00000000eecb0000, 0x0000000100000000)
  eden space 42304K, 99% used [0x00000000ebb60000,0x00000000ee4a2278,0x00000000ee4b0000)
  from space 448K, 74% used [0x00000000ee4b0000,0x00000000ee503890,0x00000000ee520000)
  to   space 448K, 0% used [0x00000000eec40000,0x00000000eec40000,0x00000000eecb0000)
 ParOldGen       total 78912K, used 70567K [0x00000000c3200000, 0x00000000c7f10000, 0x00000000ebb60000)
  object space 78912K, 89% used [0x00000000c3200000,0x00000000c76e9c78,0x00000000c7f10000)
 PSPermGen       total 21248K, used 6753K [0x00000000be000000, 0x00000000bf4c0000, 0x00000000c3200000)
  object space 21248K, 31% used [0x00000000be000000,0x00000000be698508,0x00000000bf4c0000)
Event: 460.917 GC heap after
Heap after GC invocations=1186 (full 4):
 PSYoungGen      total 49920K, used 334K [0x00000000ebb60000, 0x00000000eeca0000, 0x0000000100000000)
  eden space 49536K, 0% used [0x00000000ebb60000,0x00000000ebb60000,0x00000000eebc0000)
  from space 384K, 87% used [0x00000000eec40000,0x00000000eec93890,0x00000000eeca0000)
  to   space 448K, 0% used [0x00000000eebc0000,0x00000000eebc0000,0x00000000eec30000)
 ParOldGen       total 78912K, used 70791K [0x00000000c3200000, 0x00000000c7f10000, 0x00000000ebb60000)
  object space 78912K, 89% used [0x00000000c3200000,0x00000000c7721c78,0x00000000c7f10000)
 PSPermGen       total 21248K, used 6753K [0x00000000be000000, 0x00000000bf4c0000, 0x00000000c3200000)
  object space 21248K, 31% used [0x00000000be000000,0x00000000be698508,0x00000000bf4c0000)
}
Event: 467.871 GC heap before
{Heap before GC invocations=1187 (full 4):
 PSYoungGen      total 49920K, used 49819K [0x00000000ebb60000, 0x00000000eeca0000, 0x0000000100000000)
  eden space 49536K, 99% used [0x00000000ebb60000,0x00000000eebb34a0,0x00000000eebc0000)
  from space 384K, 87% used [0x00000000eec40000,0x00000000eec93890,0x00000000eeca0000)
  to   space 448K, 0% used [0x00000000eebc0000,0x00000000eebc0000,0x00000000eec30000)
 ParOldGen       total 78912K, used 70791K [0x00000000c3200000, 0x00000000c7f10000, 0x00000000ebb60000)
  object space 78912K, 89% used [0x00000000c3200000,0x00000000c7721c78,0x00000000c7f10000)
 PSPermGen       total 21248K, used 6753K [0x00000000be000000, 0x00000000bf4c0000, 0x00000000c3200000)
  object space 21248K, 31% used [0x00000000be000000,0x00000000be698508,0x00000000bf4c0000)
Event: 470.725 GC heap after
Heap after GC invocations=1187 (full 4):
 PSYoungGen      total 49984K, used 398K [0x00000000ebb60000, 0x00000000ef5d0000, 0x0000000100000000)
  eden space 49536K, 0% used [0x00000000ebb60000,0x00000000ebb60000,0x00000000eebc0000)
  from space 448K, 88% used [0x00000000eebc0000,0x00000000eec23890,0x00000000eec30000)
  to   space 448K, 0% used [0x00000000ef560000,0x00000000ef560000,0x00000000ef5d0000)
 ParOldGen       total 78912K, used 71007K [0x00000000c3200000, 0x00000000c7f10000, 0x00000000ebb60000)
  object space 78912K, 89% used [0x00000000c3200000,0x00000000c7757c78,0x00000000c7f10000)
 PSPermGen       total 21248K, used 6753K [0x00000000be000000, 0x00000000bf4c0000, 0x00000000c3200000)
  object space 21248K, 31% used [0x00000000be000000,0x00000000be698508,0x00000000bf4c0000)
}
Event: 483.757 GC heap before
{Heap before GC invocations=1188 (full 4):
 PSYoungGen      total 49984K, used 49926K [0x00000000ebb60000, 0x00000000ef5d0000, 0x0000000100000000)
  eden space 49536K, 99% used [0x00000000ebb60000,0x00000000eebbe1e0,0x00000000eebc0000)
  from space 448K, 88% used [0x00000000eebc0000,0x00000000eec23890,0x00000000eec30000)
  to   space 448K, 0% used [0x00000000ef560000,0x00000000ef560000,0x00000000ef5d0000)
 ParOldGen       total 78912K, used 71007K [0x00000000c3200000, 0x00000000c7f10000, 0x00000000ebb60000)
  object space 78912K, 89% used [0x00000000c3200000,0x00000000c7757c78,0x00000000c7f10000)
 PSPermGen       total 21248K, used 6753K [0x00000000be000000, 0x00000000bf4c0000, 0x00000000c3200000)
  object space 21248K, 31% used [0x00000000be000000,0x00000000be698508,0x00000000bf4c0000)
Event: 484.836 GC heap after
Heap after GC invocations=1188 (full 4):
 PSYoungGen      total 59328K, used 430K [0x00000000ebb60000, 0x00000000ef5f0000, 0x0000000100000000)
  eden space 58880K, 0% used [0x00000000ebb60000,0x00000000ebb60000,0x00000000ef4e0000)
  from space 448K, 96% used [0x00000000ef560000,0x00000000ef5cb890,0x00000000ef5d0000)
  to   space 512K, 0% used [0x00000000ef4e0000,0x00000000ef4e0000,0x00000000ef560000)
 ParOldGen       total 78912K, used 71341K [0x00000000c3200000, 0x00000000c7f10000, 0x00000000ebb60000)
  object space 78912K, 90% used [0x00000000c3200000,0x00000000c77ab508,0x00000000c7f10000)
 PSPermGen       total 21248K, used 6753K [0x00000000be000000, 0x00000000bf4c0000, 0x00000000c3200000)
  object space 21248K, 31% used [0x00000000be000000,0x00000000be698508,0x00000000bf4c0000)
}
Event: 492.953 GC heap before
{Heap before GC invocations=1189 (full 4):
 PSYoungGen      total 59328K, used 59297K [0x00000000ebb60000, 0x00000000ef5f0000, 0x0000000100000000)
  eden space 58880K, 99% used [0x00000000ebb60000,0x00000000ef4dce60,0x00000000ef4e0000)
  from space 448K, 96% used [0x00000000ef560000,0x00000000ef5cb890,0x00000000ef5d0000)
  to   space 512K, 0% used [0x00000000ef4e0000,0x00000000ef4e0000,0x00000000ef560000)
 ParOldGen       total 78912K, used 71341K [0x00000000c3200000, 0x00000000c7f10000, 0x00000000ebb60000)
  object space 78912K, 90% used [0x00000000c3200000,0x00000000c77ab508,0x00000000c7f10000)
 PSPermGen       total 21248K, used 6753K [0x00000000be000000, 0x00000000bf4c0000, 0x00000000c3200000)
  object space 21248K, 31% used [0x00000000be000000,0x00000000be698508,0x00000000bf4c0000)
Event: 499.212 GC heap after
Heap after GC invocations=1189 (full 4):
 PSYoungGen      total 59392K, used 494K [0x00000000ebb60000, 0x00000000f0120000, 0x0000000100000000)
  eden space 58880K, 0% used [0x00000000ebb60000,0x00000000ebb60000,0x00000000ef4e0000)
  from space 512K, 96% used [0x00000000ef4e0000,0x00000000ef55b890,0x00000000ef560000)
  to   space 512K, 0% used [0x00000000f00a0000,0x00000000f00a0000,0x00000000f0120000)
 ParOldGen       total 78912K, used 71597K [0x00000000c3200000, 0x00000000c7f10000, 0x00000000ebb60000)
  object space 78912K, 90% used [0x00000000c3200000,0x00000000c77eb508,0x00000000c7f10000)
 PSPermGen       total 21248K, used 6753K [0x00000000be000000, 0x00000000bf4c0000, 0x00000000c3200000)
  object space 21248K, 31% used [0x00000000be000000,0x00000000be698508,0x00000000bf4c0000)
}
Event: 501.994 GC heap before
{Heap before GC invocations=1190 (full 4):
 PSYoungGen      total 59392K, used 59374K [0x00000000ebb60000, 0x00000000f0120000, 0x0000000100000000)
  eden space 58880K, 100% used [0x00000000ebb60000,0x00000000ef4e0000,0x00000000ef4e0000)
  from space 512K, 96% used [0x00000000ef4e0000,0x00000000ef55b890,0x00000000ef560000)
  to   space 512K, 0% used [0x00000000f00a0000,0x00000000f00a0000,0x00000000f0120000)
 ParOldGen       total 78912K, used 71597K [0x00000000c3200000, 0x00000000c7f10000, 0x00000000ebb60000)
  object space 78912K, 90% used [0x00000000c3200000,0x00000000c77eb508,0x00000000c7f10000)
 PSPermGen       total 21248K, used 6753K [0x00000000be000000, 0x00000000bf4c0000, 0x00000000c3200000)
  object space 21248K, 31% used [0x00000000be000000,0x00000000be698508,0x00000000bf4c0000)
Event: 504.438 GC heap after
Heap after GC invocations=1190 (full 4):
 PSYoungGen      total 70912K, used 398K [0x00000000ebb60000, 0x00000000f0140000, 0x0000000100000000)
  eden space 70400K, 0% used [0x00000000ebb60000,0x00000000ebb60000,0x00000000f0020000)
  from space 512K, 77% used [0x00000000f00a0000,0x00000000f0103890,0x00000000f0120000)
  to   space 512K, 0% used [0x00000000f0020000,0x00000000f0020000,0x00000000f00a0000)
 ParOldGen       total 78912K, used 71909K [0x00000000c3200000, 0x00000000c7f10000, 0x00000000ebb60000)
  object space 78912K, 91% used [0x00000000c3200000,0x00000000c7839508,0x00000000c7f10000)
 PSPermGen       total 21248K, used 6753K [0x00000000be000000, 0x00000000bf4c0000, 0x00000000c3200000)
  object space 21248K, 31% used [0x00000000be000000,0x00000000be698508,0x00000000bf4c0000)
}

